<?xml version="1.0" encoding="UTF-8"?>
<testsuite name="Scenario: Add Inventory State" tests="4" skipped="0" failures="0" errors="0" timestamp="2023-04-12T13:59:10" hostname="DESKTOP-RB5FFH9" time="0.001">
  <properties/>
  <testcase name="Given a default recipe book" classname="Scenario: Add Inventory State" time="0.0"/>
  <testcase name="When user enter the option 4" classname="Scenario: Add Inventory State" time="0.0"/>
  <testcase name="Then The user should return &quot;ADD_INVENTORY&quot; mode" classname="Scenario: Add Inventory State" time="0.0"/>
  <testcase name="classMethod" classname="Scenario: Add Inventory State" time="0.001"/>
  <system-out><![CDATA[]]></system-out>
  <system-err><![CDATA[]]></system-err>
</testsuite>
