<?xml version="1.0" encoding="UTF-8"?>
<testsuite name="Scenario: Edit a recipe that does not exist" tests="5" skipped="0" failures="0" errors="0" timestamp="2023-04-12T13:59:10" hostname="DESKTOP-RB5FFH9" time="0.001">
  <properties/>
  <testcase name="Given a default recipe book" classname="Scenario: Edit a recipe that does not exist" time="0.0"/>
  <testcase name="When user edit recipe 8" classname="Scenario: Edit a recipe that does not exist" time="0.0"/>
  <testcase name="Then status message &quot;WRONG_MODE&quot; should appear" classname="Scenario: Edit a recipe that does not exist" time="0.0"/>
  <testcase name="And mode is &quot;WAITING&quot;" classname="Scenario: Edit a recipe that does not exist" time="0.0"/>
  <testcase name="classMethod" classname="Scenario: Edit a recipe that does not exist" time="0.001"/>
  <system-out><![CDATA[]]></system-out>
  <system-err><![CDATA[]]></system-err>
</testsuite>
